<?xml version="1.0" encoding="UTF-8"?>
<robot generator="Robot 7.3.2 (Python 3.13.5 on win32)" generated="2025-08-13T13:34:42.539994" rpa="false" schemaversion="5">
<suite id="s1" name="Testes" source="c:\Documents\kaban-robot\tests\testes.robot">
<test id="s1-t1" name="Deve carregar a página inicial com colunas principais e adicionar tarefa" line="8">
<kw name="Abrir o navegador" owner="teste" type="SETUP">
<kw name="Open Browser" owner="SeleniumLibrary">
<msg time="2025-08-13T13:34:42.801792" level="INFO">Opening browser 'chrome' to base url 'about:blank'.</msg>
<msg time="2025-08-13T13:34:42.879155" level="WARN">The chromedriver version (138.0.7204.168) detected in PATH at C:\Users\evilh\AppData\Local\Programs\Python\Python313\Scripts\chromedriver.exe might not be compatible with the detected chrome version (139.0.7258.67); currently, chromedriver 139.0.7258.68 is recommended for chrome 139.*, so it is advised to delete the driver in PATH and retry</msg>
<arg>about:blank</arg>
<arg>chrome</arg>
<doc>Opens a new browser instance to the optional ``url``.</doc>
<status status="PASS" start="2025-08-13T13:34:42.801444" elapsed="1.150051"/>
</kw>
<kw name="Maximize Browser Window" owner="SeleniumLibrary">
<doc>Maximizes current browser window.</doc>
<status status="PASS" start="2025-08-13T13:34:43.951774" elapsed="0.024498"/>
</kw>
<status status="PASS" start="2025-08-13T13:34:42.800610" elapsed="1.176844"/>
</kw>
<kw name="Passo 1 - Acessar a página inicial e validar colunas" owner="teste">
<kw name="Go To" owner="SeleniumLibrary">
<msg time="2025-08-13T13:34:43.979353" level="INFO">Opening url 'https://kanban-dusky-five.vercel.app/'</msg>
<arg>${urlBase}</arg>
<doc>Navigates the current browser window to the provided ``url``.</doc>
<status status="PASS" start="2025-08-13T13:34:43.979004" elapsed="0.503241"/>
</kw>
<kw name="Wait Until Page Contains Element" owner="SeleniumLibrary">
<arg>xpath=//*[contains(., "To Do")]</arg>
<arg>15s</arg>
<doc>Waits until the element ``locator`` appears on the current page.</doc>
<status status="PASS" start="2025-08-13T13:34:44.482566" elapsed="0.017831"/>
</kw>
<kw name="Wait Until Page Contains Element" owner="SeleniumLibrary">
<arg>xpath=//*[contains(., "In Progress")]</arg>
<arg>15s</arg>
<doc>Waits until the element ``locator`` appears on the current page.</doc>
<status status="PASS" start="2025-08-13T13:34:44.500627" elapsed="0.015227"/>
</kw>
<kw name="Wait Until Page Contains Element" owner="SeleniumLibrary">
<arg>xpath=//*[contains(., "Done")]</arg>
<arg>15s</arg>
<doc>Waits until the element ``locator`` appears on the current page.</doc>
<status status="PASS" start="2025-08-13T13:34:44.516079" elapsed="0.010603"/>
</kw>
<status status="PASS" start="2025-08-13T13:34:43.978359" elapsed="0.549551"/>
</kw>
<kw name="Passo 2 - Clicar em &quot;adicionar tarefa&quot; no To Do" owner="teste">
<kw name="Wait Until Element Is Visible" owner="SeleniumLibrary">
<arg>xpath=//*[contains(@id,"To DoCreateTask")]</arg>
<arg>15s</arg>
<doc>Waits until the element ``locator`` is visible.</doc>
<status status="PASS" start="2025-08-13T13:34:44.529677" elapsed="0.020464"/>
</kw>
<kw name="Wait Until Element Is Enabled" owner="SeleniumLibrary">
<arg>xpath=//*[contains(@id,"To DoCreateTask")]</arg>
<arg>15s</arg>
<doc>Waits until the element ``locator`` is enabled.</doc>
<status status="PASS" start="2025-08-13T13:34:44.550372" elapsed="0.018691"/>
</kw>
<kw name="Click Element" owner="SeleniumLibrary">
<msg time="2025-08-13T13:34:44.569652" level="INFO">Clicking element 'xpath=//*[contains(@id,"To DoCreateTask")]'.</msg>
<arg>xpath=//*[contains(@id,"To DoCreateTask")]</arg>
<doc>Click the element identified by ``locator``.</doc>
<status status="PASS" start="2025-08-13T13:34:44.569321" elapsed="0.052912"/>
</kw>
<status status="PASS" start="2025-08-13T13:34:44.528867" elapsed="0.093602"/>
</kw>
<kw name="Passo 3 - Adicionar tarefa no backlog" owner="teste">
<kw name="Wait Until Element Is Visible" owner="SeleniumLibrary">
<arg>xpath=//*[contains(@id,"To DoCreateTask")]/div/form/input</arg>
<arg>15s</arg>
<doc>Waits until the element ``locator`` is visible.</doc>
<status status="PASS" start="2025-08-13T13:34:44.623458" elapsed="0.018332"/>
</kw>
<kw name="Wait Until Element Is Enabled" owner="SeleniumLibrary">
<arg>xpath=//*[contains(@id,"To DoCreateTask")]/div/form/input</arg>
<arg>15s</arg>
<doc>Waits until the element ``locator`` is enabled.</doc>
<status status="PASS" start="2025-08-13T13:34:44.642172" elapsed="0.017444"/>
</kw>
<kw name="Input Text" owner="SeleniumLibrary">
<msg time="2025-08-13T13:34:44.660361" level="INFO">Typing text 'Teste automatizado' into text field 'xpath=//*[contains(@id,"To DoCreateTask")]/div/form/input'.</msg>
<arg>xpath=//*[contains(@id,"To DoCreateTask")]/div/form/input</arg>
<arg>Teste automatizado</arg>
<doc>Types the given ``text`` into the text field identified by ``locator``.</doc>
<status status="PASS" start="2025-08-13T13:34:44.659924" elapsed="0.069595"/>
</kw>
<status status="PASS" start="2025-08-13T13:34:44.622998" elapsed="0.107108"/>
</kw>
<kw name="Passo 4 - Clicar no botão enviar" owner="teste">
<kw name="Wait Until Element Is Visible" owner="SeleniumLibrary">
<arg>xpath=//*[contains(@id,"To DoCreateTask")]/div/form/div/button</arg>
<arg>15s</arg>
<doc>Waits until the element ``locator`` is visible.</doc>
<status status="PASS" start="2025-08-13T13:34:44.732266" elapsed="0.016305"/>
</kw>
<kw name="Wait Until Element Is Enabled" owner="SeleniumLibrary">
<arg>xpath=//*[contains(@id,"To DoCreateTask")]/div/form/div/button</arg>
<arg>15s</arg>
<doc>Waits until the element ``locator`` is enabled.</doc>
<status status="PASS" start="2025-08-13T13:34:44.748832" elapsed="0.015465"/>
</kw>
<kw name="Click Button" owner="SeleniumLibrary">
<msg time="2025-08-13T13:34:44.764745" level="INFO">Clicking button 'xpath=//*[contains(@id,"To DoCreateTask")]/div/form/div/button'.</msg>
<arg>xpath=//*[contains(@id,"To DoCreateTask")]/div/form/div/button</arg>
<doc>Clicks the button identified by ``locator``.</doc>
<status status="PASS" start="2025-08-13T13:34:44.764522" elapsed="0.056784"/>
</kw>
<kw name="Sleep" owner="BuiltIn">
<msg time="2025-08-13T13:34:46.822291" level="INFO">Slept 2 seconds.</msg>
<arg>2s</arg>
<doc>Pauses the test executed for the given time.</doc>
<status status="PASS" start="2025-08-13T13:34:44.821608" elapsed="2.001223"/>
</kw>
<status status="PASS" start="2025-08-13T13:34:44.731913" elapsed="2.091248"/>
</kw>
<kw name="Passo 5 - Mover tarefa para Done" owner="teste">
<kw name="Wait Until Element Is Visible" owner="SeleniumLibrary">
<arg>xpath=//*[contains(text(),"Teste automatizado")]</arg>
<arg>15s</arg>
<doc>Waits until the element ``locator`` is visible.</doc>
<status status="PASS" start="2025-08-13T13:34:46.826432" elapsed="0.021072"/>
</kw>
<kw name="Wait Until Element Is Enabled" owner="SeleniumLibrary">
<arg>xpath=//*[contains(text(),"Teste automatizado")]</arg>
<arg>15s</arg>
<doc>Waits until the element ``locator`` is enabled.</doc>
<status status="PASS" start="2025-08-13T13:34:46.847746" elapsed="0.014059"/>
</kw>
<kw name="Wait Until Element Is Visible" owner="SeleniumLibrary">
<arg>xpath=//*[contains(., "In Progress")]</arg>
<arg>15s</arg>
<doc>Waits until the element ``locator`` is visible.</doc>
<status status="PASS" start="2025-08-13T13:34:46.862061" elapsed="0.008901"/>
</kw>
<kw name="Drag And Drop" owner="SeleniumLibrary">
<arg>xpath=//*[contains(text(),"Teste automatizado")]</arg>
<arg>xpath=//*[contains(., "In Progress")]</arg>
<doc>Drags the element identified by ``locator`` into the ``target`` element.</doc>
<status status="PASS" start="2025-08-13T13:34:46.871178" elapsed="0.547312"/>
</kw>
<kw name="Sleep" owner="BuiltIn">
<msg time="2025-08-13T13:34:52.419582" level="INFO">Slept 5 seconds.</msg>
<arg>5s</arg>
<doc>Pauses the test executed for the given time.</doc>
<status status="PASS" start="2025-08-13T13:34:47.418796" elapsed="5.001359"/>
</kw>
<status status="PASS" start="2025-08-13T13:34:46.825046" elapsed="5.595442"/>
</kw>
<doc>Testa se a página inicial carrega com as colunas principais e adiciona uma tarefa no To Do</doc>
<status status="PASS" start="2025-08-13T13:34:42.799373" elapsed="9.623332"/>
</test>
<status status="PASS" start="2025-08-13T13:34:42.544793" elapsed="9.880406"/>
</suite>
<statistics>
<total>
<stat pass="1" fail="0" skip="0">All Tests</stat>
</total>
<tag>
</tag>
<suite>
<stat name="Testes" id="s1" pass="1" fail="0" skip="0">Testes</stat>
</suite>
</statistics>
<errors>
<msg time="2025-08-13T13:34:42.879155" level="WARN">The chromedriver version (138.0.7204.168) detected in PATH at C:\Users\evilh\AppData\Local\Programs\Python\Python313\Scripts\chromedriver.exe might not be compatible with the detected chrome version (139.0.7258.67); currently, chromedriver 139.0.7258.68 is recommended for chrome 139.*, so it is advised to delete the driver in PATH and retry</msg>
</errors>
</robot>
